<?xml version="1.0" encoding="UTF-8"?>
<!-- Generated by org.testng.reporters.JUnitXMLReporter -->
<testsuite ignored="0" hostname="bballestero" failures="0" tests="5" name="CommentTests" time="17.483" errors="0" timestamp="2021-08-14T11:01:16 CST">
  <testcase classname="CommentTests" name="createComment" time="7.313"/>
  <testcase classname="CommentTests" name="deleteComment" time="2.547"/>
  <testcase classname="CommentTests" name="getAllComments" time="2.469"/>
  <testcase classname="CommentTests" name="getOneComment" time="2.562"/>
  <testcase classname="CommentTests" name="updateComment" time="2.531"/>
</testsuite> <!-- CommentTests -->
