<?xml version="1.0" encoding="UTF-8"?>
<!-- Generated by org.testng.reporters.JUnitXMLReporter -->
<testsuite ignored="0" hostname="bballestero" failures="0" tests="5" name="PostTests" time="17.858" errors="0" timestamp="2021-08-14T11:01:17 CST">
  <testcase classname="PostTests" name="createPost" time="5.782"/>
  <testcase classname="PostTests" name="getAllPosts" time="1.921"/>
  <testcase classname="PostTests" name="getOnePost" time="3.422"/>
  <testcase classname="PostTests" name="updatePost" time="3.375"/>
  <testcase classname="PostTests" name="deletePost" time="3.312"/>
</testsuite> <!-- PostTests -->
