<?xml version="1.0" encoding="UTF-8"?>
<testng-results ignored="0" total="10" passed="10" failed="0" skipped="0">
  <reporter-output>
  </reporter-output>
  <suite started-at="2021-08-14T11:00:59 CST" name="Regression" finished-at="2021-08-14T11:01:17 CST" duration-ms="17858">
    <groups>
    </groups>
    <test started-at="2021-08-14T11:00:59 CST" name="CommentTests" finished-at="2021-08-14T11:01:16 CST" duration-ms="17483">
      <class name="CommentTests">
        <test-method is-config="true" signature="setup(java.lang.String)[pri:0, instance:CommentTests@1e6454ec]" started-at="2021-08-14T11:00:57 CST" name="setup" finished-at="2021-08-14T11:00:59 CST" duration-ms="1407" status="PASS">
          <params>
            <param index="0">
              <value>
                <![CDATA[https://api-coffee-testing.herokuapp.com]]>
              </value>
            </param>
          </params>
          <reporter-output>
          </reporter-output>
        </test-method> <!-- setup -->
        <test-method signature="createComment()[pri:0, instance:CommentTests@1e6454ec]" started-at="2021-08-14T11:00:59 CST" name="createComment" description="This test create Comment" finished-at="2021-08-14T11:01:06 CST" duration-ms="7313" status="PASS">
          <reporter-output>
          </reporter-output>
        </test-method> <!-- createComment -->
        <test-method signature="deleteComment()[pri:0, instance:CommentTests@1e6454ec]" started-at="2021-08-14T11:01:06 CST" name="deleteComment" description="This test delete a Comment" finished-at="2021-08-14T11:01:09 CST" duration-ms="2547" status="PASS">
          <reporter-output>
          </reporter-output>
        </test-method> <!-- deleteComment -->
        <test-method signature="getAllComments()[pri:0, instance:CommentTests@1e6454ec]" started-at="2021-08-14T11:01:09 CST" name="getAllComments" description="This test get all Comments available" finished-at="2021-08-14T11:01:11 CST" duration-ms="2469" status="PASS">
          <reporter-output>
          </reporter-output>
        </test-method> <!-- getAllComments -->
        <test-method signature="getOneComment()[pri:0, instance:CommentTests@1e6454ec]" started-at="2021-08-14T11:01:11 CST" name="getOneComment" description="This test get one Comment" finished-at="2021-08-14T11:01:14 CST" duration-ms="2562" status="PASS">
          <reporter-output>
          </reporter-output>
        </test-method> <!-- getOneComment -->
        <test-method signature="updateComment()[pri:0, instance:CommentTests@1e6454ec]" started-at="2021-08-14T11:01:14 CST" name="updateComment" description="This test update one Comment" finished-at="2021-08-14T11:01:16 CST" duration-ms="2531" status="PASS">
          <reporter-output>
          </reporter-output>
        </test-method> <!-- updateComment -->
      </class> <!-- CommentTests -->
    </test> <!-- CommentTests -->
    <test started-at="2021-08-14T11:00:59 CST" name="PostTests" finished-at="2021-08-14T11:01:17 CST" duration-ms="17858">
      <class name="PostTests">
        <test-method signature="createPost()[pri:1, instance:PostTests@524d6d96]" started-at="2021-08-14T11:00:59 CST" name="createPost" finished-at="2021-08-14T11:01:05 CST" duration-ms="5782" status="PASS">
          <reporter-output>
          </reporter-output>
        </test-method> <!-- createPost -->
        <test-method signature="getAllPosts()[pri:2, instance:PostTests@524d6d96]" started-at="2021-08-14T11:01:05 CST" name="getAllPosts" finished-at="2021-08-14T11:01:07 CST" duration-ms="1921" status="PASS">
          <reporter-output>
          </reporter-output>
        </test-method> <!-- getAllPosts -->
        <test-method signature="getOnePost()[pri:3, instance:PostTests@524d6d96]" started-at="2021-08-14T11:01:07 CST" name="getOnePost" finished-at="2021-08-14T11:01:10 CST" duration-ms="3422" status="PASS">
          <reporter-output>
          </reporter-output>
        </test-method> <!-- getOnePost -->
        <test-method signature="updatePost()[pri:4, instance:PostTests@524d6d96]" started-at="2021-08-14T11:01:10 CST" name="updatePost" finished-at="2021-08-14T11:01:13 CST" duration-ms="3375" status="PASS">
          <reporter-output>
          </reporter-output>
        </test-method> <!-- updatePost -->
        <test-method signature="deletePost()[pri:5, instance:PostTests@524d6d96]" started-at="2021-08-14T11:01:13 CST" name="deletePost" finished-at="2021-08-14T11:01:17 CST" duration-ms="3312" status="PASS">
          <reporter-output>
          </reporter-output>
        </test-method> <!-- deletePost -->
      </class> <!-- PostTests -->
    </test> <!-- PostTests -->
  </suite> <!-- Regression -->
</testng-results>
